2019-11-01 10:12:18,172 INFO (StartupInfoLogger.java:55)- Starting GeneApplication on DESKTOP-MHHTG86 with PID 6228 (D:\zp\workspace\gene\gene\target\classes started by aaa in D:\zp\workspace\gene\gene)
2019-11-01 10:12:18,213 INFO (SpringApplication.java:651)- No active profile set, falling back to default profiles: default
2019-11-01 10:12:19,874 INFO (StartupInfoLogger.java:61)- Started GeneApplication in 2.118 seconds (JVM running for 2.754)
2019-11-01 10:20:40,869 INFO (StartupInfoLogger.java:55)- Starting GeneApplication on DESKTOP-MHHTG86 with PID 18196 (D:\zp\workspace\gene\gene\target\classes started by aaa in D:\zp\workspace\gene\gene)
2019-11-01 10:20:40,903 INFO (SpringApplication.java:651)- No active profile set, falling back to default profiles: default
2019-11-01 10:20:42,306 INFO (StartupInfoLogger.java:61)- Started GeneApplication in 1.779 seconds (JVM running for 2.314)
2019-11-01 10:25:24,643 INFO (StartupInfoLogger.java:55)- Starting GeneApplication on DESKTOP-MHHTG86 with PID 16888 (D:\zp\workspace\gene\gene\target\classes started by aaa in D:\zp\workspace\gene\gene)
2019-11-01 10:25:24,646 INFO (SpringApplication.java:651)- No active profile set, falling back to default profiles: default
2019-11-01 10:25:26,284 INFO (StartupInfoLogger.java:61)- Started GeneApplication in 2.129 seconds (JVM running for 2.982)
2019-11-01 10:46:50,725 INFO (StartupInfoLogger.java:55)- Starting GeneApplication on DESKTOP-MHHTG86 with PID 15676 (D:\zp\workspace\gene\gene\target\classes started by aaa in D:\zp\workspace\gene\gene)
2019-11-01 10:46:50,759 INFO (SpringApplication.java:651)- No active profile set, falling back to default profiles: default
2019-11-01 10:46:52,187 INFO (StartupInfoLogger.java:61)- Started GeneApplication in 1.801 seconds (JVM running for 2.34)
2019-11-01 10:49:42,672 INFO (StartupInfoLogger.java:55)- Starting GeneApplication on DESKTOP-MHHTG86 with PID 22268 (D:\zp\workspace\gene\gene\target\classes started by aaa in D:\zp\workspace\gene\gene)
2019-11-01 10:49:42,706 INFO (SpringApplication.java:651)- No active profile set, falling back to default profiles: default
2019-11-01 10:49:44,097 INFO (StartupInfoLogger.java:61)- Started GeneApplication in 1.781 seconds (JVM running for 2.318)
2019-11-01 11:29:23,485 INFO (StartupInfoLogger.java:55)- Starting GeneApplication on DESKTOP-MHHTG86 with PID 12596 (D:\zp\workspace\gene\gene\target\classes started by aaa in D:\zp\workspace\gene\gene)
2019-11-01 11:29:23,487 INFO (SpringApplication.java:651)- No active profile set, falling back to default profiles: default
2019-11-01 11:29:25,262 INFO (StartupInfoLogger.java:61)- Started GeneApplication in 2.268 seconds (JVM running for 3.075)
2019-11-01 14:49:14,190 INFO (StartupInfoLogger.java:55)- Starting GeneApplication on DESKTOP-MHHTG86 with PID 2908 (D:\zp\workspace\gene\gene\target\classes started by aaa in D:\zp\workspace\gene\gene)
2019-11-01 14:49:14,229 INFO (SpringApplication.java:651)- No active profile set, falling back to default profiles: default
2019-11-01 14:49:15,872 INFO (StartupInfoLogger.java:61)- Started GeneApplication in 2.147 seconds (JVM running for 2.784)
2019-11-01 14:49:56,139 INFO (StartupInfoLogger.java:55)- Starting GeneApplication on DESKTOP-MHHTG86 with PID 14248 (D:\zp\workspace\gene\gene\target\classes started by aaa in D:\zp\workspace\gene\gene)
2019-11-01 14:49:56,143 INFO (SpringApplication.java:651)- No active profile set, falling back to default profiles: default
2019-11-01 14:49:57,799 INFO (StartupInfoLogger.java:61)- Started GeneApplication in 2.188 seconds (JVM running for 2.843)
2019-11-01 14:50:40,893 INFO (SiteAnalysisController.java:33)- thisnull
2019-11-01 14:50:40,893 INFO (SiteAnnotationServiceImpl.java:60)- into getSiteAnnotationFromFile value:{}
2019-11-01 14:58:02,528 ERROR (SiteAnnotationServiceImpl.java:164)- 
2019-11-01 17:26:01,535 INFO (StartupInfoLogger.java:55)- Starting GeneApplication on DESKTOP-MHHTG86 with PID 14248 (D:\zp\workspace\gene\gene\target\classes started by aaa in D:\zp\workspace\gene\gene)
2019-11-01 17:26:01,539 INFO (SpringApplication.java:651)- No active profile set, falling back to default profiles: default
2019-11-01 17:26:02,444 INFO (StartupInfoLogger.java:61)- Started GeneApplication in 0.987 seconds (JVM running for 9367.489)
2019-11-01 17:30:32,975 INFO (StartupInfoLogger.java:55)- Starting GeneApplication on DESKTOP-MHHTG86 with PID 14248 (D:\zp\workspace\gene\gene\target\classes started by aaa in D:\zp\workspace\gene\gene)
2019-11-01 17:30:32,975 INFO (SpringApplication.java:651)- No active profile set, falling back to default profiles: default
2019-11-01 17:30:33,665 INFO (StartupInfoLogger.java:61)- Started GeneApplication in 0.726 seconds (JVM running for 9638.708)
2019-11-01 17:32:19,576 INFO (StartupInfoLogger.java:55)- Starting GeneApplication on DESKTOP-MHHTG86 with PID 14248 (D:\zp\workspace\gene\gene\target\classes started by aaa in D:\zp\workspace\gene\gene)
2019-11-01 17:32:19,576 INFO (SpringApplication.java:651)- No active profile set, falling back to default profiles: default
2019-11-01 17:32:20,059 INFO (StartupInfoLogger.java:61)- Started GeneApplication in 0.532 seconds (JVM running for 9745.103)
2019-11-01 17:38:03,299 INFO (SiteAnalysisController.java:33)- thisnull
2019-11-01 17:38:03,299 INFO (SiteAnnotationServiceImpl.java:62)- into getSiteAnnotationFromFile value:{}
2019-11-01 17:47:26,010 INFO (StartupInfoLogger.java:55)- Starting GeneApplication on DESKTOP-MHHTG86 with PID 18832 (D:\zp\workspace\gene\gene\target\classes started by aaa in D:\zp\workspace\gene\gene)
2019-11-01 17:47:26,048 INFO (SpringApplication.java:651)- No active profile set, falling back to default profiles: default
2019-11-01 17:47:27,672 INFO (StartupInfoLogger.java:61)- Started GeneApplication in 2.069 seconds (JVM running for 2.657)
2019-11-01 17:47:31,068 INFO (SiteAnalysisController.java:33)- thisnull
2019-11-01 17:47:31,068 INFO (SiteAnnotationServiceImpl.java:63)- into getSiteAnnotationFromFile value:{}
2019-11-01 17:47:35,640 ERROR (SiteAnnotationServiceImpl.java:167)- 
2019-11-01 17:50:31,757 INFO (SiteAnalysisController.java:33)- thisorg.springframework.web.multipart.support.StandardMultipartHttpServletRequest$StandardMultipartFile@91e8279
2019-11-01 17:50:31,757 INFO (SiteAnnotationServiceImpl.java:63)- into getSiteAnnotationFromFile value:{}
2019-11-01 17:50:49,518 ERROR (SiteAnnotationServiceImpl.java:167)- 
2019-11-01 17:51:21,386 INFO (StartupInfoLogger.java:55)- Starting GeneApplication on DESKTOP-MHHTG86 with PID 18620 (D:\zp\workspace\gene\gene\target\classes started by aaa in D:\zp\workspace\gene\gene)
2019-11-01 17:51:21,423 INFO (SpringApplication.java:651)- No active profile set, falling back to default profiles: default
2019-11-01 17:51:22,950 INFO (StartupInfoLogger.java:61)- Started GeneApplication in 1.937 seconds (JVM running for 2.496)
2019-11-01 17:51:58,286 INFO (SiteAnalysisController.java:33)- thisorg.springframework.web.multipart.support.StandardMultipartHttpServletRequest$StandardMultipartFile@643fce9f
2019-11-01 17:51:58,287 INFO (SiteAnnotationServiceImpl.java:63)- into getSiteAnnotationFromFile value:{}
2019-11-01 17:52:23,737 ERROR (SiteAnnotationServiceImpl.java:167)- 
2019-11-01 17:54:45,628 INFO (SiteAnalysisController.java:33)- thisorg.springframework.web.multipart.support.StandardMultipartHttpServletRequest$StandardMultipartFile@8baf14f
2019-11-01 17:54:45,629 INFO (SiteAnnotationServiceImpl.java:63)- into getSiteAnnotationFromFile value:{}ad
2019-11-01 18:00:15,630 INFO (StartupInfoLogger.java:55)- Starting GeneApplication on DESKTOP-MHHTG86 with PID 5996 (D:\zp\workspace\gene\gene\target\classes started by aaa in D:\zp\workspace\gene\gene)
2019-11-01 18:00:15,633 INFO (SpringApplication.java:651)- No active profile set, falling back to default profiles: default
2019-11-01 18:00:17,230 INFO (StartupInfoLogger.java:61)- Started GeneApplication in 1.975 seconds (JVM running for 2.55)
2019-11-01 18:00:41,758 INFO (SiteAnalysisController.java:33)- thisorg.springframework.web.multipart.support.StandardMultipartHttpServletRequest$StandardMultipartFile@7639a564
2019-11-01 18:00:41,758 INFO (SiteAnnotationServiceImpl.java:62)- into getSiteAnnotationFromFile value:{}ad
2019-11-01 18:04:00,572 INFO (SiteAnalysisController.java:33)- thisorg.springframework.web.multipart.support.StandardMultipartHttpServletRequest$StandardMultipartFile@126d27ca
2019-11-01 18:04:00,572 INFO (SiteAnnotationServiceImpl.java:62)- into getSiteAnnotationFromFile value:{}1
2019-11-01 18:04:27,751 ERROR (SiteAnnotationServiceImpl.java:169)- 1
2019-11-01 18:10:41,717 INFO (SiteAnalysisController.java:33)- thisorg.springframework.web.multipart.support.StandardMultipartHttpServletRequest$StandardMultipartFile@109539ef
2019-11-01 18:10:41,718 INFO (SiteAnnotationServiceImpl.java:62)- into getSiteAnnotationFromFile value:{}
2019-11-01 18:11:43,448 INFO (StartupInfoLogger.java:55)- Starting GeneApplication on DESKTOP-MHHTG86 with PID 22808 (D:\zp\workspace\gene\gene\target\classes started by aaa in D:\zp\workspace\gene\gene)
2019-11-01 18:11:43,485 INFO (SpringApplication.java:651)- No active profile set, falling back to default profiles: default
2019-11-01 18:11:45,009 INFO (StartupInfoLogger.java:61)- Started GeneApplication in 1.925 seconds (JVM running for 2.514)
2019-11-01 18:12:22,963 INFO (SiteAnalysisController.java:33)- thisorg.springframework.web.multipart.support.StandardMultipartHttpServletRequest$StandardMultipartFile@6c99d018
2019-11-01 18:12:22,964 INFO (SiteAnnotationServiceImpl.java:62)- into getSiteAnnotationFromFile value:{}
2019-11-01 18:12:49,674 ERROR (SiteAnnotationServiceImpl.java:169)- 
2019-11-01 18:13:51,134 INFO (SiteAnalysisController.java:33)- thisorg.springframework.web.multipart.support.StandardMultipartHttpServletRequest$StandardMultipartFile@6e133207
2019-11-01 18:13:51,134 INFO (SiteAnnotationServiceImpl.java:62)- into getSiteAnnotationFromFile value:{}0.1
2019-11-01 18:14:09,264 ERROR (SiteAnnotationServiceImpl.java:169)- 0.1
2019-11-01 18:25:18,133 INFO (StartupInfoLogger.java:55)- Starting GeneApplication on DESKTOP-MHHTG86 with PID 2732 (D:\zp\workspace\gene\gene\target\classes started by aaa in D:\zp\workspace\gene\gene)
2019-11-01 18:25:18,172 INFO (SpringApplication.java:651)- No active profile set, falling back to default profiles: default
2019-11-01 18:25:19,684 INFO (StartupInfoLogger.java:61)- Started GeneApplication in 1.914 seconds (JVM running for 2.476)
2019-11-01 18:25:24,660 INFO (SiteAnalysisController.java:32)- enter into siteannotation
2019-11-01 18:25:24,661 INFO (SiteAnnotationServiceImpl.java:53)- into getSiteAnnotationFromFile value:{}
2019-11-01 18:25:30,043 ERROR (SiteAnnotationServiceImpl.java:160)- 
2019-11-01 18:28:12,490 INFO (StartupInfoLogger.java:55)- Starting GeneApplication on DESKTOP-MHHTG86 with PID 20388 (D:\zp\workspace\gene\gene\target\classes started by aaa in D:\zp\workspace\gene\gene)
2019-11-01 18:28:12,525 INFO (SpringApplication.java:651)- No active profile set, falling back to default profiles: default
2019-11-01 18:28:14,021 INFO (StartupInfoLogger.java:61)- Started GeneApplication in 1.909 seconds (JVM running for 2.48)
2019-11-01 18:28:18,960 INFO (SiteAnalysisController.java:32)- enter into siteannotation
2019-11-01 18:28:18,960 INFO (SiteAnnotationServiceImpl.java:53)- into getSiteAnnotationFromFile value:{}
2019-11-01 18:28:24,870 ERROR (SiteAnnotationServiceImpl.java:160)- 
